<?xml version="1.0" encoding="UTF-8"?>
<!-- Generated by org.testng.reporters.JUnitReportReporter -->
<testsuite hostname="LAPTOP-P0G1FQ91" failures="0" tests="2" name="testngpackage.GoogleLoginTest" time="3.548" errors="0" timestamp="2025-01-29T09:41:55 IST" skipped="0">
  <testcase classname="testngpackage.GoogleLoginTest" name="singupDetails" time="2.973"/>
  <system-out/>
  <testcase classname="testngpackage.GoogleLoginTest" name="signinCredentials" time="0.575"/>
  <system-out/>
</testsuite> <!-- testngpackage.GoogleLoginTest -->
