<?xml version="1.0" encoding="UTF-8"?>
<!-- Generated by org.testng.reporters.JUnitReportReporter -->
<testsuite hostname="LAPTOP-P0G1FQ91" failures="0" tests="5" name="testngpackage.Keywordstestng" time="0.019" errors="0" timestamp="2025-01-29T09:34:28 IST" skipped="1">
  <testcase classname="testngpackage.Keywordstestng" name="testC" time="0.001"/>
  <system-out/>
  <testcase classname="testngpackage.Keywordstestng" name="testA" time="0.013"/>
  <system-out/>
  <testcase classname="testngpackage.Keywordstestng" name="testA" time="0.003"/>
  <system-out/>
  <testcase classname="testngpackage.Keywordstestng" name="testA" time="0.002"/>
  <system-out/>
  <testcase classname="testngpackage.Keywordstestng" name="testB">
    <skipped/>
  </testcase> <!-- testB -->
  <system-out/>
</testsuite> <!-- testngpackage.Keywordstestng -->
