<?xml version="1.0" encoding="UTF-8"?>
<!-- Generated by org.testng.reporters.JUnitReportReporter -->
<testsuite hostname="LAPTOP-P0G1FQ91" failures="0" tests="4" name="testngpackage.Googletestngclass" time="0.009" errors="0" timestamp="2025-01-25T10:33:57 IST" skipped="0">
  <testcase classname="testngpackage.Googletestngclass" name="appLaunch" time="0.006"/>
  <system-out/>
  <testcase classname="testngpackage.Googletestngclass" name="logOut" time="0.001"/>
  <system-out/>
  <testcase classname="testngpackage.Googletestngclass" name="logincredentials" time="0.001"/>
  <system-out/>
  <testcase classname="testngpackage.Googletestngclass" name="webClose" time="0.001"/>
  <system-out/>
</testsuite> <!-- testngpackage.Googletestngclass -->
