<?xml version="1.0" encoding="UTF-8"?>
<!-- Generated by org.testng.reporters.JUnitReportReporter -->
<testsuite hostname="LAPTOP-P0G1FQ91" failures="0" tests="4" name="Ve3assignment.Ve3" time="26.080" errors="0" timestamp="2025-04-13T14:04:48 IST" skipped="0">
  <testcase classname="Ve3assignment.Ve3" name="verifyHomepage" time="23.190"/>
  <system-out/>
  <testcase classname="Ve3assignment.Ve3" name="clickCookies" time="0.116"/>
  <system-out/>
  <testcase classname="Ve3assignment.Ve3" name="clickSearch" time="0.336"/>
  <system-out/>
  <testcase classname="Ve3assignment.Ve3" name="formFillUP" time="2.438"/>
  <system-out/>
</testsuite> <!-- Ve3assignment.Ve3 -->
