<?xml version="1.0" encoding="UTF-8"?>
<!-- Generated by org.testng.reporters.JUnitReportReporter -->
<testsuite hostname="LAPTOP-P0G1FQ91" failures="0" tests="2" name="demoprojectpackage.Healthinsurance" time="12.098" errors="0" timestamp="2025-02-03T17:15:32 IST" skipped="0">
  <testcase classname="demoprojectpackage.Healthinsurance" name="openApp" time="6.484"/>
  <system-out/>
  <testcase classname="demoprojectpackage.Healthinsurance" name="homeInsurance" time="5.614"/>
  <system-out/>
</testsuite> <!-- demoprojectpackage.Healthinsurance -->
