<?xml version="1.0" encoding="UTF-8"?>
<!-- Generated by org.testng.reporters.JUnitReportReporter -->
<testsuite hostname="LAPTOP-P0G1FQ91" failures="0" tests="2" name="testngpackage.Asseriontestng" time="5.585" errors="0" timestamp="2025-01-30T20:25:25 IST" skipped="0">
  <testcase classname="testngpackage.Asseriontestng" name="openBrowser" time="5.439"/>
  <system-out/>
  <testcase classname="testngpackage.Asseriontestng" name="closeBrowser" time="0.146"/>
  <system-out/>
</testsuite> <!-- testngpackage.Asseriontestng -->
